#
# There is insufficient memory for the Java Runtime Environment to continue.
# Native memory allocation (malloc) failed to allocate 714656 bytes for Chunk::new
# Possible reasons:
#   The system is out of physical RAM or swap space
#   The process is running with CompressedOops enabled, and the Java Heap may be blocking the growth of the native heap
# Possible solutions:
#   Reduce memory load on the system
#   Increase physical memory or swap space
#   Check if swap backing store is full
#   Decrease Java heap size (-Xmx/-Xms)
#   Decrease number of Java threads
#   Decrease Java thread stack sizes (-Xss)
#   Set larger code cache with -XX:ReservedCodeCacheSize=
#   JVM is running with Unscaled Compressed Oops mode in which the Java heap is
#     placed in the first 4GB address space. The Java Heap base address is the
#     maximum limit for the native heap growth. Please use -XX:HeapBaseMinAddress
#     to set the Java Heap base and to place the Java Heap above 4GB virtual address.
# This output file may be truncated or incomplete.
#
#  Out of Memory Error (./open/src/hotspot/share/memory/arena.cpp:197), pid=2476, tid=10600
#
# JRE version: Java(TM) SE Runtime Environment 18.9 (11.0.14+8) (build 11.0.14+8-LTS-263)
# Java VM: Java HotSpot(TM) 64-Bit Server VM 18.9 (11.0.14+8-LTS-263, mixed mode, tiered, compressed oops, g1 gc, windows-amd64)
# No core dump will be written. Minidumps are not enabled by default on client versions of Windows
#

---------------  S U M M A R Y ------------

Command Line: -Dmaven.multiModuleProjectDirectory=C:\SPRING_PROJECTS\CURRENT PROJECTS\TAKEHOMEEXAM\Backend-TakeHomeExam - UsingFeignClient -Dmaven.home=C:\Users\John Carlo Cornelio\.m2\wrapper\dists\apache-maven-3.8.6-bin\1ks0nkde5v1pk9vtc31i9d0lcd\apache-maven-3.8.6 -Dclassworlds.conf=C:\Users\John Carlo Cornelio\.m2\wrapper\dists\apache-maven-3.8.6-bin\1ks0nkde5v1pk9vtc31i9d0lcd\apache-maven-3.8.6\bin\m2.conf -Dmaven.ext.class.path=C:\Program Files\JetBrains\IntelliJ IDEA Community Edition 2021.3.2\plugins\maven\lib\maven-event-listener.jar -javaagent:C:\Program Files\JetBrains\IntelliJ IDEA Community Edition 2021.3.2\lib\idea_rt.jar=28366:C:\Program Files\JetBrains\IntelliJ IDEA Community Edition 2021.3.2\bin -Dfile.encoding=UTF-8 org.codehaus.classworlds.Launcher -Didea.version=2021.3.3 spring-boot:run

Host: Intel(R) Core(TM) i3-8145U CPU @ 2.10GHz, 4 cores, 7G,  Windows 10 , 64 bit Build 19041 (10.0.19041.1741)
Time: Fri Oct  7 11:13:18 2022 Malay Peninsula Standard Time elapsed time: 9.821321 seconds (0d 0h 0m 9s)

---------------  T H R E A D  ---------------

Current thread (0x0000019c78827000):  JavaThread "C2 CompilerThread1" daemon [_thread_in_native, id=10600, stack(0x0000008eee700000,0x0000008eee800000)]


Current CompileTask:
C2:   9821 6023       4       com.sun.tools.javac.code.Symtab::lookupPackage (259 bytes)

Stack: [0x0000008eee700000,0x0000008eee800000]
Native frames: (J=compiled Java code, j=interpreted, Vv=VM code, C=native code)
V  [jvm.dll+0x6296da]
V  [jvm.dll+0x76323f]
V  [jvm.dll+0x7648e9]
V  [jvm.dll+0x764f73]
V  [jvm.dll+0x23d7c8]
V  [jvm.dll+0xb297c]
V  [jvm.dll+0xb2f3c]
V  [jvm.dll+0x2ae594]
V  [jvm.dll+0x53cec6]
V  [jvm.dll+0x1f9ae5]
V  [jvm.dll+0x1f742d]
V  [jvm.dll+0x177b21]
V  [jvm.dll+0x206e26]
V  [jvm.dll+0x204fbb]
V  [jvm.dll+0x729170]
V  [jvm.dll+0x721d44]
V  [jvm.dll+0x6285d6]
C  [ucrtbase.dll+0x21bb2]
C  [KERNEL32.DLL+0x17034]
C  [ntdll.dll+0x52651]


---------------  P R O C E S S  ---------------

Threads class SMR info:
_java_thread_list=0x0000019c7b277350, length=12, elements={
0x0000019c59fb7800, 0x0000019c77d70800, 0x0000019c77d71800, 0x0000019c78702800,
0x0000019c77d86000, 0x0000019c77d88000, 0x0000019c77d8d000, 0x0000019c77d90000,
0x0000019c7873d800, 0x0000019c5a099800, 0x0000019c7897a800, 0x0000019c78827000
}

Java Threads: ( => current thread )
  0x0000019c59fb7800 JavaThread "main" [_thread_in_Java, id=6312, stack(0x0000008eed300000,0x0000008eed400000)]
  0x0000019c77d70800 JavaThread "Reference Handler" daemon [_thread_blocked, id=2280, stack(0x0000008eeda00000,0x0000008eedb00000)]
  0x0000019c77d71800 JavaThread "Finalizer" daemon [_thread_blocked, id=10352, stack(0x0000008eedb00000,0x0000008eedc00000)]
  0x0000019c78702800 JavaThread "Signal Dispatcher" daemon [_thread_blocked, id=8588, stack(0x0000008eedc00000,0x0000008eedd00000)]
  0x0000019c77d86000 JavaThread "Attach Listener" daemon [_thread_blocked, id=11072, stack(0x0000008eedd00000,0x0000008eede00000)]
  0x0000019c77d88000 JavaThread "Service Thread" daemon [_thread_blocked, id=6264, stack(0x0000008eede00000,0x0000008eedf00000)]
  0x0000019c77d8d000 JavaThread "C2 CompilerThread0" daemon [_thread_in_vm, id=13236, stack(0x0000008eedf00000,0x0000008eee000000)]
  0x0000019c77d90000 JavaThread "C1 CompilerThread0" daemon [_thread_blocked, id=13784, stack(0x0000008eee000000,0x0000008eee100000)]
  0x0000019c7873d800 JavaThread "Sweeper thread" daemon [_thread_blocked, id=10276, stack(0x0000008eee100000,0x0000008eee200000)]
  0x0000019c5a099800 JavaThread "Common-Cleaner" daemon [_thread_blocked, id=9704, stack(0x0000008eee200000,0x0000008eee300000)]
  0x0000019c7897a800 JavaThread "Monitor Ctrl-Break" daemon [_thread_in_native, id=13628, stack(0x0000008eee300000,0x0000008eee400000)]
=>0x0000019c78827000 JavaThread "C2 CompilerThread1" daemon [_thread_in_native, id=10600, stack(0x0000008eee700000,0x0000008eee800000)]

Other Threads:
  0x0000019c77d4a000 VMThread "VM Thread" [stack: 0x0000008eed900000,0x0000008eeda00000] [id=14128]
  0x0000019c7897c000 WatcherThread [stack: 0x0000008eee400000,0x0000008eee500000] [id=924]
  0x0000019c59fce000 GCTaskThread "GC Thread#0" [stack: 0x0000008eed400000,0x0000008eed500000] [id=14096]
  0x0000019c79263000 GCTaskThread "GC Thread#1" [stack: 0x0000008eee500000,0x0000008eee600000] [id=11712]
  0x0000019c7957a000 GCTaskThread "GC Thread#2" [stack: 0x0000008eee600000,0x0000008eee700000] [id=11328]
  0x0000019c59ffc800 ConcurrentGCThread "G1 Main Marker" [stack: 0x0000008eed500000,0x0000008eed600000] [id=10208]
  0x0000019c59fff000 ConcurrentGCThread "G1 Conc#0" [stack: 0x0000008eed600000,0x0000008eed700000] [id=12004]
  0x0000019c5a08d800 ConcurrentGCThread "G1 Refine#0" [stack: 0x0000008eed700000,0x0000008eed800000] [id=5424]
  0x0000019c5a08e800 ConcurrentGCThread "G1 Young RemSet Sampling" [stack: 0x0000008eed800000,0x0000008eed900000] [id=10392]

Threads with active compile tasks:
C2 CompilerThread0   9846 6129       4       lombok.javac.JavacAST::buildStatementOrExpression (104 bytes)
C2 CompilerThread1   9846 6023       4       com.sun.tools.javac.code.Symtab::lookupPackage (259 bytes)

VM state:not at safepoint (normal execution)

VM Mutex/Monitor currently owned by a thread: None

Heap address: 0x0000000081c00000, size: 2020 MB, Compressed Oops mode: 32-bit
Narrow klass base: 0x0000000000000000, Narrow klass shift: 3
Compressed class space size: 1073741824 Address: 0x0000000100000000

Heap:
 garbage-first heap   total 177152K, used 64235K [0x0000000081c00000, 0x0000000100000000)
  region size 1024K, 39 young (39936K), 5 survivors (5120K)
 Metaspace       used 34654K, capacity 35457K, committed 35632K, reserved 1081344K
  class space    used 3630K, capacity 3877K, committed 3968K, reserved 1048576K
Heap Regions: E=young(eden), S=young(survivor), O=old, HS=humongous(starts), HC=humongous(continues), CS=collection set, F=free, A=archive, TAMS=top-at-mark-start (previous, next)
|   0|0x0000000081c00000, 0x0000000081d00000, 0x0000000081d00000|100%| O|  |TAMS 0x0000000081d00000, 0x0000000081c00000| Untracked 
|   1|0x0000000081d00000, 0x0000000081e00000, 0x0000000081e00000|100%| O|  |TAMS 0x0000000081e00000, 0x0000000081d00000| Untracked 
|   2|0x0000000081e00000, 0x0000000081f00000, 0x0000000081f00000|100%| O|  |TAMS 0x0000000081f00000, 0x0000000081e00000| Untracked 
|   3|0x0000000081f00000, 0x0000000082000000, 0x0000000082000000|100%| O|  |TAMS 0x0000000082000000, 0x0000000081f00000| Untracked 
|   4|0x0000000082000000, 0x0000000082100000, 0x0000000082100000|100%| O|  |TAMS 0x0000000082100000, 0x0000000082000000| Untracked 
|   5|0x0000000082100000, 0x0000000082200000, 0x0000000082200000|100%| O|  |TAMS 0x0000000082200000, 0x0000000082100000| Untracked 
|   6|0x0000000082200000, 0x0000000082300000, 0x0000000082300000|100%| O|  |TAMS 0x0000000082300000, 0x0000000082200000| Untracked 
|   7|0x0000000082300000, 0x0000000082400000, 0x0000000082400000|100%| O|  |TAMS 0x0000000082400000, 0x0000000082300000| Untracked 
|   8|0x0000000082400000, 0x0000000082500000, 0x0000000082500000|100%| O|  |TAMS 0x0000000082412600, 0x0000000082400000| Untracked 
|   9|0x0000000082500000, 0x0000000082600000, 0x0000000082600000|100%| O|  |TAMS 0x0000000082500000, 0x0000000082500000| Untracked 
|  10|0x0000000082600000, 0x0000000082700000, 0x0000000082700000|100%| O|  |TAMS 0x0000000082600000, 0x0000000082600000| Untracked 
|  11|0x0000000082700000, 0x0000000082800000, 0x0000000082800000|100%| O|  |TAMS 0x0000000082700000, 0x0000000082700000| Untracked 
|  12|0x0000000082800000, 0x0000000082900000, 0x0000000082900000|100%| O|  |TAMS 0x0000000082800000, 0x0000000082800000| Untracked 
|  13|0x0000000082900000, 0x0000000082a00000, 0x0000000082a00000|100%| O|  |TAMS 0x0000000082900000, 0x0000000082900000| Untracked 
|  14|0x0000000082a00000, 0x0000000082b00000, 0x0000000082b00000|100%| O|  |TAMS 0x0000000082a00000, 0x0000000082a00000| Untracked 
|  15|0x0000000082b00000, 0x0000000082c00000, 0x0000000082c00000|100%| O|  |TAMS 0x0000000082b00000, 0x0000000082b00000| Untracked 
|  16|0x0000000082c00000, 0x0000000082d00000, 0x0000000082d00000|100%| O|  |TAMS 0x0000000082c00000, 0x0000000082c00000| Untracked 
|  17|0x0000000082d00000, 0x0000000082e00000, 0x0000000082e00000|100%| O|  |TAMS 0x0000000082d00000, 0x0000000082d00000| Untracked 
|  18|0x0000000082e00000, 0x0000000082ebae00, 0x0000000082f00000| 72%| O|  |TAMS 0x0000000082e00000, 0x0000000082e00000| Untracked 
|  19|0x0000000082f00000, 0x0000000082f00000, 0x0000000083000000|  0%| F|  |TAMS 0x0000000082f00000, 0x0000000082f00000| Untracked 
|  20|0x0000000083000000, 0x0000000083000000, 0x0000000083100000|  0%| F|  |TAMS 0x0000000083000000, 0x0000000083000000| Untracked 
|  21|0x0000000083100000, 0x0000000083100000, 0x0000000083200000|  0%| F|  |TAMS 0x0000000083100000, 0x0000000083100000| Untracked 
|  22|0x0000000083200000, 0x0000000083200000, 0x0000000083300000|  0%| F|  |TAMS 0x0000000083200000, 0x0000000083200000| Untracked 
|  23|0x0000000083300000, 0x0000000083300000, 0x0000000083400000|  0%| F|  |TAMS 0x0000000083300000, 0x0000000083300000| Untracked 
|  24|0x0000000083400000, 0x0000000083400000, 0x0000000083500000|  0%| F|  |TAMS 0x0000000083400000, 0x0000000083400000| Untracked 
|  25|0x0000000083500000, 0x0000000083500000, 0x0000000083600000|  0%| F|  |TAMS 0x0000000083500000, 0x0000000083500000| Untracked 
|  26|0x0000000083600000, 0x0000000083600000, 0x0000000083700000|  0%| F|  |TAMS 0x0000000083600000, 0x0000000083600000| Untracked 
|  27|0x0000000083700000, 0x0000000083700000, 0x0000000083800000|  0%| F|  |TAMS 0x0000000083700000, 0x0000000083700000| Untracked 
|  28|0x0000000083800000, 0x0000000083800000, 0x0000000083900000|  0%| F|  |TAMS 0x0000000083800000, 0x0000000083800000| Untracked 
|  29|0x0000000083900000, 0x0000000083900000, 0x0000000083a00000|  0%| F|  |TAMS 0x0000000083900000, 0x0000000083900000| Untracked 
|  30|0x0000000083a00000, 0x0000000083a00000, 0x0000000083b00000|  0%| F|  |TAMS 0x0000000083a00000, 0x0000000083a00000| Untracked 
|  31|0x0000000083b00000, 0x0000000083b00000, 0x0000000083c00000|  0%| F|  |TAMS 0x0000000083b00000, 0x0000000083b00000| Untracked 
|  32|0x0000000083c00000, 0x0000000083c00000, 0x0000000083d00000|  0%| F|  |TAMS 0x0000000083c00000, 0x0000000083c00000| Untracked 
|  33|0x0000000083d00000, 0x0000000083d00000, 0x0000000083e00000|  0%| F|  |TAMS 0x0000000083d00000, 0x0000000083d00000| Untracked 
|  34|0x0000000083e00000, 0x0000000083e00000, 0x0000000083f00000|  0%| F|  |TAMS 0x0000000083e00000, 0x0000000083e00000| Untracked 
|  35|0x0000000083f00000, 0x0000000083f00000, 0x0000000084000000|  0%| F|  |TAMS 0x0000000083f00000, 0x0000000083f00000| Untracked 
|  36|0x0000000084000000, 0x0000000084000000, 0x0000000084100000|  0%| F|  |TAMS 0x0000000084000000, 0x0000000084000000| Untracked 
|  37|0x0000000084100000, 0x0000000084100000, 0x0000000084200000|  0%| F|  |TAMS 0x0000000084100000, 0x0000000084100000| Untracked 
|  38|0x0000000084200000, 0x0000000084200000, 0x0000000084300000|  0%| F|  |TAMS 0x0000000084200000, 0x0000000084200000| Untracked 
|  39|0x0000000084300000, 0x0000000084300000, 0x0000000084400000|  0%| F|  |TAMS 0x0000000084300000, 0x0000000084300000| Untracked 
|  40|0x0000000084400000, 0x0000000084400000, 0x0000000084500000|  0%| F|  |TAMS 0x0000000084400000, 0x0000000084400000| Untracked 
|  41|0x0000000084500000, 0x0000000084500000, 0x0000000084600000|  0%| F|  |TAMS 0x0000000084500000, 0x0000000084500000| Untracked 
|  42|0x0000000084600000, 0x0000000084600000, 0x0000000084700000|  0%| F|  |TAMS 0x0000000084600000, 0x0000000084600000| Untracked 
|  43|0x0000000084700000, 0x0000000084700000, 0x0000000084800000|  0%| F|  |TAMS 0x0000000084700000, 0x0000000084700000| Untracked 
|  44|0x0000000084800000, 0x0000000084800000, 0x0000000084900000|  0%| F|  |TAMS 0x0000000084800000, 0x0000000084800000| Untracked 
|  45|0x0000000084900000, 0x0000000084900000, 0x0000000084a00000|  0%| F|  |TAMS 0x0000000084900000, 0x0000000084900000| Untracked 
|  46|0x0000000084a00000, 0x0000000084a00000, 0x0000000084b00000|  0%| F|  |TAMS 0x0000000084a00000, 0x0000000084a00000| Untracked 
|  47|0x0000000084b00000, 0x0000000084b00000, 0x0000000084c00000|  0%| F|  |TAMS 0x0000000084b00000, 0x0000000084b00000| Untracked 
|  48|0x0000000084c00000, 0x0000000084c00000, 0x0000000084d00000|  0%| F|  |TAMS 0x0000000084c00000, 0x0000000084c00000| Untracked 
|  49|0x0000000084d00000, 0x0000000084d00000, 0x0000000084e00000|  0%| F|  |TAMS 0x0000000084d00000, 0x0000000084d00000| Untracked 
|  50|0x0000000084e00000, 0x0000000084e00000, 0x0000000084f00000|  0%| F|  |TAMS 0x0000000084e00000, 0x0000000084e00000| Untracked 
|  51|0x0000000084f00000, 0x0000000084f00000, 0x0000000085000000|  0%| F|  |TAMS 0x0000000084f00000, 0x0000000084f00000| Untracked 
|  52|0x0000000085000000, 0x0000000085000000, 0x0000000085100000|  0%| F|  |TAMS 0x0000000085000000, 0x0000000085000000| Untracked 
|  53|0x0000000085100000, 0x0000000085200000, 0x0000000085200000|100%| S|CS|TAMS 0x0000000085100000, 0x0000000085100000| Complete 
|  54|0x0000000085200000, 0x0000000085300000, 0x0000000085300000|100%| S|CS|TAMS 0x0000000085200000, 0x0000000085200000| Complete 
|  55|0x0000000085300000, 0x0000000085400000, 0x0000000085400000|100%| S|CS|TAMS 0x0000000085300000, 0x0000000085300000| Complete 
|  56|0x0000000085400000, 0x0000000085500000, 0x0000000085500000|100%| S|CS|TAMS 0x0000000085400000, 0x0000000085400000| Complete 
|  57|0x0000000085500000, 0x0000000085600000, 0x0000000085600000|100%| S|CS|TAMS 0x0000000085500000, 0x0000000085500000| Complete 
|  58|0x0000000085600000, 0x0000000085600000, 0x0000000085700000|  0%| F|  |TAMS 0x0000000085600000, 0x0000000085600000| Untracked 
|  59|0x0000000085700000, 0x0000000085700000, 0x0000000085800000|  0%| F|  |TAMS 0x0000000085700000, 0x0000000085700000| Untracked 
|  60|0x0000000085800000, 0x0000000085800000, 0x0000000085900000|  0%| F|  |TAMS 0x0000000085800000, 0x0000000085800000| Untracked 
|  61|0x0000000085900000, 0x0000000085900000, 0x0000000085a00000|  0%| F|  |TAMS 0x0000000085900000, 0x0000000085900000| Untracked 
|  62|0x0000000085a00000, 0x0000000085a00000, 0x0000000085b00000|  0%| F|  |TAMS 0x0000000085a00000, 0x0000000085a00000| Untracked 
|  63|0x0000000085b00000, 0x0000000085b00000, 0x0000000085c00000|  0%| F|  |TAMS 0x0000000085b00000, 0x0000000085b00000| Untracked 
|  64|0x0000000085c00000, 0x0000000085c00000, 0x0000000085d00000|  0%| F|  |TAMS 0x0000000085c00000, 0x0000000085c00000| Untracked 
|  65|0x0000000085d00000, 0x0000000085d00000, 0x0000000085e00000|  0%| F|  |TAMS 0x0000000085d00000, 0x0000000085d00000| Untracked 
|  66|0x0000000085e00000, 0x0000000085e00000, 0x0000000085f00000|  0%| F|  |TAMS 0x0000000085e00000, 0x0000000085e00000| Untracked 
|  67|0x0000000085f00000, 0x0000000085f00000, 0x0000000086000000|  0%| F|  |TAMS 0x0000000085f00000, 0x0000000085f00000| Untracked 
|  68|0x0000000086000000, 0x0000000086000000, 0x0000000086100000|  0%| F|  |TAMS 0x0000000086000000, 0x0000000086000000| Untracked 
|  69|0x0000000086100000, 0x0000000086100000, 0x0000000086200000|  0%| F|  |TAMS 0x0000000086100000, 0x0000000086100000| Untracked 
|  70|0x0000000086200000, 0x0000000086200000, 0x0000000086300000|  0%| F|  |TAMS 0x0000000086200000, 0x0000000086200000| Untracked 
|  71|0x0000000086300000, 0x0000000086300000, 0x0000000086400000|  0%| F|  |TAMS 0x0000000086300000, 0x0000000086300000| Untracked 
|  72|0x0000000086400000, 0x0000000086400000, 0x0000000086500000|  0%| F|  |TAMS 0x0000000086400000, 0x0000000086400000| Untracked 
|  73|0x0000000086500000, 0x0000000086500000, 0x0000000086600000|  0%| F|  |TAMS 0x0000000086500000, 0x0000000086500000| Untracked 
|  74|0x0000000086600000, 0x0000000086600000, 0x0000000086700000|  0%| F|  |TAMS 0x0000000086600000, 0x0000000086600000| Untracked 
|  75|0x0000000086700000, 0x0000000086700000, 0x0000000086800000|  0%| F|  |TAMS 0x0000000086700000, 0x0000000086700000| Untracked 
|  76|0x0000000086800000, 0x0000000086800000, 0x0000000086900000|  0%| F|  |TAMS 0x0000000086800000, 0x0000000086800000| Untracked 
|  77|0x0000000086900000, 0x0000000086900000, 0x0000000086a00000|  0%| F|  |TAMS 0x0000000086900000, 0x0000000086900000| Untracked 
|  78|0x0000000086a00000, 0x0000000086a00000, 0x0000000086b00000|  0%| F|  |TAMS 0x0000000086a00000, 0x0000000086a00000| Untracked 
|  79|0x0000000086b00000, 0x0000000086b00000, 0x0000000086c00000|  0%| F|  |TAMS 0x0000000086b00000, 0x0000000086b00000| Untracked 
|  80|0x0000000086c00000, 0x0000000086c00000, 0x0000000086d00000|  0%| F|  |TAMS 0x0000000086c00000, 0x0000000086c00000| Untracked 
|  81|0x0000000086d00000, 0x0000000086d00000, 0x0000000086e00000|  0%| F|  |TAMS 0x0000000086d00000, 0x0000000086d00000| Untracked 
|  82|0x0000000086e00000, 0x0000000086e00000, 0x0000000086f00000|  0%| F|  |TAMS 0x0000000086e00000, 0x0000000086e00000| Untracked 
|  83|0x0000000086f00000, 0x0000000086f00000, 0x0000000087000000|  0%| F|  |TAMS 0x0000000086f00000, 0x0000000086f00000| Untracked 
|  84|0x0000000087000000, 0x0000000087000000, 0x0000000087100000|  0%| F|  |TAMS 0x0000000087000000, 0x0000000087000000| Untracked 
|  85|0x0000000087100000, 0x0000000087100000, 0x0000000087200000|  0%| F|  |TAMS 0x0000000087100000, 0x0000000087100000| Untracked 
|  86|0x0000000087200000, 0x0000000087200000, 0x0000000087300000|  0%| F|  |TAMS 0x0000000087200000, 0x0000000087200000| Untracked 
|  87|0x0000000087300000, 0x0000000087300000, 0x0000000087400000|  0%| F|  |TAMS 0x0000000087300000, 0x0000000087300000| Untracked 
|  88|0x0000000087400000, 0x0000000087400000, 0x0000000087500000|  0%| F|  |TAMS 0x0000000087400000, 0x0000000087400000| Untracked 
|  89|0x0000000087500000, 0x0000000087500000, 0x0000000087600000|  0%| F|  |TAMS 0x0000000087500000, 0x0000000087500000| Untracked 
|  90|0x0000000087600000, 0x0000000087600000, 0x0000000087700000|  0%| F|  |TAMS 0x0000000087600000, 0x0000000087600000| Untracked 
|  91|0x0000000087700000, 0x0000000087700000, 0x0000000087800000|  0%| F|  |TAMS 0x0000000087700000, 0x0000000087700000| Untracked 
|  92|0x0000000087800000, 0x0000000087800000, 0x0000000087900000|  0%| F|  |TAMS 0x0000000087800000, 0x0000000087800000| Untracked 
|  93|0x0000000087900000, 0x0000000087900000, 0x0000000087a00000|  0%| F|  |TAMS 0x0000000087900000, 0x0000000087900000| Untracked 
|  94|0x0000000087a00000, 0x0000000087a00000, 0x0000000087b00000|  0%| F|  |TAMS 0x0000000087a00000, 0x0000000087a00000| Untracked 
|  95|0x0000000087b00000, 0x0000000087b00000, 0x0000000087c00000|  0%| F|  |TAMS 0x0000000087b00000, 0x0000000087b00000| Untracked 
|  96|0x0000000087c00000, 0x0000000087c00000, 0x0000000087d00000|  0%| F|  |TAMS 0x0000000087c00000, 0x0000000087c00000| Untracked 
|  97|0x0000000087d00000, 0x0000000087d00000, 0x0000000087e00000|  0%| F|  |TAMS 0x0000000087d00000, 0x0000000087d00000| Untracked 
|  98|0x0000000087e00000, 0x0000000087e00000, 0x0000000087f00000|  0%| F|  |TAMS 0x0000000087e00000, 0x0000000087e00000| Untracked 
|  99|0x0000000087f00000, 0x0000000087f00000, 0x0000000088000000|  0%| F|  |TAMS 0x0000000087f00000, 0x0000000087f00000| Untracked 
| 100|0x0000000088000000, 0x0000000088000000, 0x0000000088100000|  0%| F|  |TAMS 0x0000000088000000, 0x0000000088000000| Untracked 
| 101|0x0000000088100000, 0x0000000088100000, 0x0000000088200000|  0%| F|  |TAMS 0x0000000088100000, 0x0000000088100000| Untracked 
| 102|0x0000000088200000, 0x0000000088200000, 0x0000000088300000|  0%| F|  |TAMS 0x0000000088200000, 0x0000000088200000| Untracked 
| 103|0x0000000088300000, 0x0000000088300000, 0x0000000088400000|  0%| F|  |TAMS 0x0000000088300000, 0x0000000088300000| Untracked 
| 104|0x0000000088400000, 0x0000000088400000, 0x0000000088500000|  0%| F|  |TAMS 0x0000000088400000, 0x0000000088400000| Untracked 
| 105|0x0000000088500000, 0x0000000088500000, 0x0000000088600000|  0%| F|  |TAMS 0x0000000088500000, 0x0000000088500000| Untracked 
| 106|0x0000000088600000, 0x0000000088600000, 0x0000000088700000|  0%| F|  |TAMS 0x0000000088600000, 0x0000000088600000| Untracked 
| 107|0x0000000088700000, 0x0000000088700000, 0x0000000088800000|  0%| F|  |TAMS 0x0000000088700000, 0x0000000088700000| Untracked 
| 108|0x0000000088800000, 0x0000000088800000, 0x0000000088900000|  0%| F|  |TAMS 0x0000000088800000, 0x0000000088800000| Untracked 
| 109|0x0000000088900000, 0x0000000088900000, 0x0000000088a00000|  0%| F|  |TAMS 0x0000000088900000, 0x0000000088900000| Untracked 
| 110|0x0000000088a00000, 0x0000000088a00000, 0x0000000088b00000|  0%| F|  |TAMS 0x0000000088a00000, 0x0000000088a00000| Untracked 
| 111|0x0000000088b00000, 0x0000000088b00000, 0x0000000088c00000|  0%| F|  |TAMS 0x0000000088b00000, 0x0000000088b00000| Untracked 
| 112|0x0000000088c00000, 0x0000000088c00000, 0x0000000088d00000|  0%| F|  |TAMS 0x0000000088c00000, 0x0000000088c00000| Untracked 
| 113|0x0000000088d00000, 0x0000000088d00000, 0x0000000088e00000|  0%| F|  |TAMS 0x0000000088d00000, 0x0000000088d00000| Untracked 
| 114|0x0000000088e00000, 0x0000000088e00000, 0x0000000088f00000|  0%| F|  |TAMS 0x0000000088e00000, 0x0000000088e00000| Untracked 
| 115|0x0000000088f00000, 0x0000000088f00000, 0x0000000089000000|  0%| F|  |TAMS 0x0000000088f00000, 0x0000000088f00000| Untracked 
| 116|0x0000000089000000, 0x0000000089000000, 0x0000000089100000|  0%| F|  |TAMS 0x0000000089000000, 0x0000000089000000| Untracked 
| 117|0x0000000089100000, 0x0000000089100000, 0x0000000089200000|  0%| F|  |TAMS 0x0000000089100000, 0x0000000089100000| Untracked 
| 118|0x0000000089200000, 0x0000000089200000, 0x0000000089300000|  0%| F|  |TAMS 0x0000000089200000, 0x0000000089200000| Untracked 
| 119|0x0000000089300000, 0x0000000089300000, 0x0000000089400000|  0%| F|  |TAMS 0x0000000089300000, 0x0000000089300000| Untracked 
| 120|0x0000000089400000, 0x0000000089400000, 0x0000000089500000|  0%| F|  |TAMS 0x0000000089400000, 0x0000000089400000| Untracked 
| 121|0x0000000089500000, 0x0000000089500000, 0x0000000089600000|  0%| F|  |TAMS 0x0000000089500000, 0x0000000089500000| Untracked 
| 122|0x0000000089600000, 0x0000000089600000, 0x0000000089700000|  0%| F|  |TAMS 0x0000000089600000, 0x0000000089600000| Untracked 
| 123|0x0000000089700000, 0x0000000089700000, 0x0000000089800000|  0%| F|  |TAMS 0x0000000089700000, 0x0000000089700000| Untracked 
| 124|0x0000000089800000, 0x0000000089800000, 0x0000000089900000|  0%| F|  |TAMS 0x0000000089800000, 0x0000000089800000| Untracked 
| 125|0x0000000089900000, 0x0000000089900000, 0x0000000089a00000|  0%| F|  |TAMS 0x0000000089900000, 0x0000000089900000| Untracked 
| 126|0x0000000089a00000, 0x0000000089a00000, 0x0000000089b00000|  0%| F|  |TAMS 0x0000000089a00000, 0x0000000089a00000| Untracked 
| 127|0x0000000089b00000, 0x0000000089b00000, 0x0000000089c00000|  0%| F|  |TAMS 0x0000000089b00000, 0x0000000089b00000| Untracked 
| 128|0x0000000089c00000, 0x0000000089c00000, 0x0000000089d00000|  0%| F|  |TAMS 0x0000000089c00000, 0x0000000089c00000| Untracked 
| 129|0x0000000089d00000, 0x0000000089d00000, 0x0000000089e00000|  0%| F|  |TAMS 0x0000000089d00000, 0x0000000089d00000| Untracked 
| 130|0x0000000089e00000, 0x0000000089e00000, 0x0000000089f00000|  0%| F|  |TAMS 0x0000000089e00000, 0x0000000089e00000| Untracked 
| 131|0x0000000089f00000, 0x0000000089f00000, 0x000000008a000000|  0%| F|  |TAMS 0x0000000089f00000, 0x0000000089f00000| Untracked 
| 132|0x000000008a000000, 0x000000008a000000, 0x000000008a100000|  0%| F|  |TAMS 0x000000008a000000, 0x000000008a000000| Untracked 
| 133|0x000000008a100000, 0x000000008a180800, 0x000000008a200000| 50%| E|  |TAMS 0x000000008a100000, 0x000000008a100000| Complete 
| 134|0x000000008a200000, 0x000000008a300000, 0x000000008a300000|100%| E|CS|TAMS 0x000000008a200000, 0x000000008a200000| Complete 
| 135|0x000000008a300000, 0x000000008a400000, 0x000000008a400000|100%| E|CS|TAMS 0x000000008a300000, 0x000000008a300000| Complete 
| 136|0x000000008a400000, 0x000000008a500000, 0x000000008a500000|100%| E|CS|TAMS 0x000000008a400000, 0x000000008a400000| Complete 
| 137|0x000000008a500000, 0x000000008a600000, 0x000000008a600000|100%| E|CS|TAMS 0x000000008a500000, 0x000000008a500000| Complete 
| 138|0x000000008a600000, 0x000000008a700000, 0x000000008a700000|100%| O|  |TAMS 0x000000008a600000, 0x000000008a600000| Untracked 
| 139|0x000000008a700000, 0x000000008a800000, 0x000000008a800000|100%| O|  |TAMS 0x000000008a700000, 0x000000008a700000| Untracked 
| 140|0x000000008a800000, 0x000000008a900000, 0x000000008a900000|100%| O|  |TAMS 0x000000008a800000, 0x000000008a800000| Untracked 
| 141|0x000000008a900000, 0x000000008aa00000, 0x000000008aa00000|100%| O|  |TAMS 0x000000008a900000, 0x000000008a900000| Untracked 
| 142|0x000000008aa00000, 0x000000008ab00000, 0x000000008ab00000|100%| O|  |TAMS 0x000000008aa00000, 0x000000008aa00000| Untracked 
| 143|0x000000008ab00000, 0x000000008ac00000, 0x000000008ac00000|100%| O|  |TAMS 0x000000008ab00000, 0x000000008ab00000| Untracked 
| 144|0x000000008ac00000, 0x000000008ad00000, 0x000000008ad00000|100%| E|CS|TAMS 0x000000008ac00000, 0x000000008ac00000| Complete 
| 145|0x000000008ad00000, 0x000000008ae00000, 0x000000008ae00000|100%| E|CS|TAMS 0x000000008ad00000, 0x000000008ad00000| Complete 
| 146|0x000000008ae00000, 0x000000008af00000, 0x000000008af00000|100%| E|CS|TAMS 0x000000008ae00000, 0x000000008ae00000| Complete 
| 147|0x000000008af00000, 0x000000008b000000, 0x000000008b000000|100%| E|CS|TAMS 0x000000008af00000, 0x000000008af00000| Complete 
| 148|0x000000008b000000, 0x000000008b100000, 0x000000008b100000|100%| E|CS|TAMS 0x000000008b000000, 0x000000008b000000| Complete 
| 149|0x000000008b100000, 0x000000008b200000, 0x000000008b200000|100%| E|CS|TAMS 0x000000008b100000, 0x000000008b100000| Complete 
| 150|0x000000008b200000, 0x000000008b300000, 0x000000008b300000|100%| E|CS|TAMS 0x000000008b200000, 0x000000008b200000| Complete 
| 151|0x000000008b300000, 0x000000008b400000, 0x000000008b400000|100%| E|CS|TAMS 0x000000008b300000, 0x000000008b300000| Complete 
| 152|0x000000008b400000, 0x000000008b500000, 0x000000008b500000|100%| E|CS|TAMS 0x000000008b400000, 0x000000008b400000| Complete 
| 153|0x000000008b500000, 0x000000008b600000, 0x000000008b600000|100%| E|CS|TAMS 0x000000008b500000, 0x000000008b500000| Complete 
| 154|0x000000008b600000, 0x000000008b700000, 0x000000008b700000|100%| E|CS|TAMS 0x000000008b600000, 0x000000008b600000| Complete 
| 155|0x000000008b700000, 0x000000008b800000, 0x000000008b800000|100%| E|CS|TAMS 0x000000008b700000, 0x000000008b700000| Complete 
| 156|0x000000008b800000, 0x000000008b900000, 0x000000008b900000|100%| E|CS|TAMS 0x000000008b800000, 0x000000008b800000| Complete 
| 157|0x000000008b900000, 0x000000008ba00000, 0x000000008ba00000|100%| E|CS|TAMS 0x000000008b900000, 0x000000008b900000| Complete 
| 158|0x000000008ba00000, 0x000000008bb00000, 0x000000008bb00000|100%| E|CS|TAMS 0x000000008ba00000, 0x000000008ba00000| Complete 
| 159|0x000000008bb00000, 0x000000008bc00000, 0x000000008bc00000|100%| E|CS|TAMS 0x000000008bb00000, 0x000000008bb00000| Complete 
| 160|0x000000008bc00000, 0x000000008bd00000, 0x000000008bd00000|100%| E|CS|TAMS 0x000000008bc00000, 0x000000008bc00000| Complete 
| 161|0x000000008bd00000, 0x000000008be00000, 0x000000008be00000|100%| E|CS|TAMS 0x000000008bd00000, 0x000000008bd00000| Complete 
| 162|0x000000008be00000, 0x000000008bf00000, 0x000000008bf00000|100%| E|CS|TAMS 0x000000008be00000, 0x000000008be00000| Complete 
| 163|0x000000008bf00000, 0x000000008c000000, 0x000000008c000000|100%| E|CS|TAMS 0x000000008bf00000, 0x000000008bf00000| Complete 
| 164|0x000000008c000000, 0x000000008c100000, 0x000000008c100000|100%| E|CS|TAMS 0x000000008c000000, 0x000000008c000000| Complete 
| 165|0x000000008c100000, 0x000000008c200000, 0x000000008c200000|100%| E|CS|TAMS 0x000000008c100000, 0x000000008c100000| Complete 
| 166|0x000000008c200000, 0x000000008c300000, 0x000000008c300000|100%| E|CS|TAMS 0x000000008c200000, 0x000000008c200000| Complete 
| 167|0x000000008c300000, 0x000000008c400000, 0x000000008c400000|100%| E|CS|TAMS 0x000000008c300000, 0x000000008c300000| Complete 
| 168|0x000000008c400000, 0x000000008c500000, 0x000000008c500000|100%| E|CS|TAMS 0x000000008c400000, 0x000000008c400000| Complete 
| 169|0x000000008c500000, 0x000000008c600000, 0x000000008c600000|100%| E|CS|TAMS 0x000000008c500000, 0x000000008c500000| Complete 
| 170|0x000000008c600000, 0x000000008c700000, 0x000000008c700000|100%| E|CS|TAMS 0x000000008c600000, 0x000000008c600000| Complete 
| 171|0x000000008c700000, 0x000000008c800000, 0x000000008c800000|100%| E|CS|TAMS 0x000000008c700000, 0x000000008c700000| Complete 
| 172|0x000000008c800000, 0x000000008c900000, 0x000000008c900000|100%| E|CS|TAMS 0x000000008c800000, 0x000000008c800000| Complete 

Card table byte_map: [0x0000019c71060000,0x0000019c71460000] _byte_map_base: 0x0000019c70c52000

Marking Bits (Prev, Next): (CMBitMap*) 0x0000019c59ff3f58, (CMBitMap*) 0x0000019c59ff3f90
 Prev Bits: [0x0000019c71860000, 0x0000019c737f0000)
 Next Bits: [0x0000019c737f0000, 0x0000019c75780000)

Polling page: 0x0000019c58700000

Metaspace:

Usage:
  Non-class:     30.84 MB capacity,    30.31 MB ( 98%) used,   484.02 KB (  2%) free+waste,    62.19 KB ( <1%) overhead. 
      Class:      3.79 MB capacity,     3.55 MB ( 94%) used,   219.86 KB (  6%) free+waste,    26.31 KB ( <1%) overhead. 
       Both:     34.63 MB capacity,    33.85 MB ( 98%) used,   703.88 KB (  2%) free+waste,    88.50 KB ( <1%) overhead. 

Virtual space:
  Non-class space:       32.00 MB reserved,      30.92 MB ( 97%) committed 
      Class space:        1.00 GB reserved,       3.88 MB ( <1%) committed 
             Both:        1.03 GB reserved,      34.80 MB (  3%) committed 

Chunk freelists:
   Non-Class:  2.50 KB
       Class:  0 bytes
        Both:  2.50 KB

CodeHeap 'non-profiled nmethods': size=120064Kb used=3299Kb max_used=3299Kb free=116764Kb
 bounds [0x0000019c69100000, 0x0000019c69440000, 0x0000019c70640000]
CodeHeap 'profiled nmethods': size=120000Kb used=14296Kb max_used=14296Kb free=105703Kb
 bounds [0x0000019c61bd0000, 0x0000019c629d0000, 0x0000019c69100000]
CodeHeap 'non-nmethods': size=5696Kb used=1145Kb max_used=1186Kb free=4550Kb
 bounds [0x0000019c61640000, 0x0000019c618b0000, 0x0000019c61bd0000]
 total_blobs=6596 nmethods=6117 adapters=390
 compilation: enabled
              stopped_count=0, restarted_count=0
 full_count=0

Compilation events (10 events):
Event: 9.815 Thread 0x0000019c77d90000 nmethod 6078 0x0000019c629a1a90 code [0x0000019c629a1c20, 0x0000019c629a1d98]
Event: 9.816 Thread 0x0000019c77d90000 6079       3       com.sun.tools.javac.code.Type::isInterface (22 bytes)
Event: 9.816 Thread 0x0000019c77d90000 nmethod 6079 0x0000019c629a1e10 code [0x0000019c629a1fc0, 0x0000019c629a21e8]
Event: 9.816 Thread 0x0000019c77d90000 6080       3       com.sun.tools.javac.comp.Resolve::isAccessible (394 bytes)
Event: 9.818 Thread 0x0000019c77d90000 nmethod 6080 0x0000019c629a2290 code [0x0000019c629a25e0, 0x0000019c629a40f8]
Event: 9.818 Thread 0x0000019c77d90000 6081       3       com.sun.tools.javac.code.Symbol::isStatic (65 bytes)
Event: 9.819 Thread 0x0000019c77d90000 nmethod 6081 0x0000019c629a4810 code [0x0000019c629a49e0, 0x0000019c629a4db8]
Event: 9.819 Thread 0x0000019c77d90000 6082       3       java.util.RegularEnumSet::clear (6 bytes)
Event: 9.819 Thread 0x0000019c77d90000 nmethod 6082 0x0000019c629a4f10 code [0x0000019c629a50a0, 0x0000019c629a51b8]
Event: 9.819 Thread 0x0000019c77d90000 6083       3       com.sun.tools.javac.code.Symbol$MethodSymbol::implementation (11 bytes)

GC Heap History (10 events):
Event: 3.283 GC heap before
{Heap before GC invocations=1 (full 0):
 garbage-first heap   total 131072K, used 77829K [0x0000000081c00000, 0x0000000100000000)
  region size 1024K, 76 young (77824K), 2 survivors (2048K)
 Metaspace       used 20857K, capacity 21138K, committed 21296K, reserved 1069056K
  class space    used 2208K, capacity 2327K, committed 2432K, reserved 1048576K
}
Event: 3.304 GC heap after
{Heap after GC invocations=2 (full 0):
 garbage-first heap   total 131072K, used 8562K [0x0000000081c00000, 0x0000000100000000)
  region size 1024K, 8 young (8192K), 8 survivors (8192K)
 Metaspace       used 20857K, capacity 21138K, committed 21296K, reserved 1069056K
  class space    used 2208K, capacity 2327K, committed 2432K, reserved 1048576K
}
Event: 3.618 GC heap before
{Heap before GC invocations=3 (full 0):
 garbage-first heap   total 131072K, used 22898K [0x0000000081c00000, 0x0000000100000000)
  region size 1024K, 22 young (22528K), 8 survivors (8192K)
 Metaspace       used 21175K, capacity 21559K, committed 21808K, reserved 1069056K
  class space    used 2231K, capacity 2359K, committed 2432K, reserved 1048576K
}
Event: 3.631 GC heap after
{Heap after GC invocations=4 (full 0):
 garbage-first heap   total 131072K, used 10313K [0x0000000081c00000, 0x0000000100000000)
  region size 1024K, 2 young (2048K), 2 survivors (2048K)
 Metaspace       used 21175K, capacity 21559K, committed 21808K, reserved 1069056K
  class space    used 2231K, capacity 2359K, committed 2432K, reserved 1048576K
}
Event: 4.829 GC heap before
{Heap before GC invocations=4 (full 0):
 garbage-first heap   total 131072K, used 114761K [0x0000000081c00000, 0x0000000100000000)
  region size 1024K, 57 young (58368K), 2 survivors (2048K)
 Metaspace       used 22950K, capacity 23342K, committed 23472K, reserved 1071104K
  class space    used 2366K, capacity 2504K, committed 2560K, reserved 1048576K
}
Event: 4.838 GC heap after
{Heap after GC invocations=5 (full 0):
 garbage-first heap   total 131072K, used 12722K [0x0000000081c00000, 0x0000000100000000)
  region size 1024K, 5 young (5120K), 5 survivors (5120K)
 Metaspace       used 22950K, capacity 23342K, committed 23472K, reserved 1071104K
  class space    used 2366K, capacity 2504K, committed 2560K, reserved 1048576K
}
Event: 7.732 GC heap before
{Heap before GC invocations=6 (full 0):
 garbage-first heap   total 131072K, used 129458K [0x0000000081c00000, 0x0000000100000000)
  region size 1024K, 71 young (72704K), 5 survivors (5120K)
 Metaspace       used 31577K, capacity 32253K, committed 32432K, reserved 1079296K
  class space    used 3337K, capacity 3552K, committed 3584K, reserved 1048576K
}
Event: 7.749 GC heap after
{Heap after GC invocations=7 (full 0):
 garbage-first heap   total 147456K, used 24898K [0x0000000081c00000, 0x0000000100000000)
  region size 1024K, 10 young (10240K), 10 survivors (10240K)
 Metaspace       used 31577K, capacity 32253K, committed 32432K, reserved 1079296K
  class space    used 3337K, capacity 3552K, committed 3584K, reserved 1048576K
}
Event: 9.550 GC heap before
{Heap before GC invocations=7 (full 0):
 garbage-first heap   total 147456K, used 96578K [0x0000000081c00000, 0x0000000100000000)
  region size 1024K, 80 young (81920K), 10 survivors (10240K)
 Metaspace       used 34380K, capacity 35165K, committed 35376K, reserved 1081344K
  class space    used 3622K, capacity 3870K, committed 3968K, reserved 1048576K
}
Event: 9.565 GC heap after
{Heap after GC invocations=8 (full 0):
 garbage-first heap   total 177152K, used 30443K [0x0000000081c00000, 0x0000000100000000)
  region size 1024K, 5 young (5120K), 5 survivors (5120K)
 Metaspace       used 34380K, capacity 35165K, committed 35376K, reserved 1081344K
  class space    used 3622K, capacity 3870K, committed 3968K, reserved 1048576K
}

Deoptimization events (10 events):
Event: 9.352 Thread 0x0000019c59fb7800 Uncommon trap: reason=class_check action=maybe_recompile pc=0x0000019c6922a504 method=java.util.Collections$UnmodifiableMap$UnmodifiableEntrySet$UnmodifiableEntry.getKey()Ljava/lang/Object; @ 4 c2
Event: 9.352 Thread 0x0000019c59fb7800 Uncommon trap: reason=class_check action=maybe_recompile pc=0x0000019c6922a804 method=java.util.Collections$UnmodifiableMap$UnmodifiableEntrySet$UnmodifiableEntry.getValue()Ljava/lang/Object; @ 4 c2
Event: 9.482 Thread 0x0000019c59fb7800 Uncommon trap: reason=class_check action=maybe_recompile pc=0x0000019c69252f60 method=java.util.regex.Pattern$Branch.match(Ljava/util/regex/Matcher;ILjava/lang/CharSequence;)Z @ 50 c2
Event: 9.482 Thread 0x0000019c59fb7800 Uncommon trap: reason=class_check action=maybe_recompile pc=0x0000019c69252f60 method=java.util.regex.Pattern$Branch.match(Ljava/util/regex/Matcher;ILjava/lang/CharSequence;)Z @ 50 c2
Event: 9.482 Thread 0x0000019c59fb7800 Uncommon trap: reason=class_check action=maybe_recompile pc=0x0000019c69252f60 method=java.util.regex.Pattern$Branch.match(Ljava/util/regex/Matcher;ILjava/lang/CharSequence;)Z @ 50 c2
Event: 9.482 Thread 0x0000019c59fb7800 Uncommon trap: reason=class_check action=maybe_recompile pc=0x0000019c69252f60 method=java.util.regex.Pattern$Branch.match(Ljava/util/regex/Matcher;ILjava/lang/CharSequence;)Z @ 50 c2
Event: 9.589 Thread 0x0000019c59fb7800 Uncommon trap: reason=unstable_if action=reinterpret pc=0x0000019c69389aec method=java.util.regex.Matcher.reset()Ljava/util/regex/Matcher; @ 71 c2
Event: 9.589 Thread 0x0000019c59fb7800 Uncommon trap: reason=unstable_if action=reinterpret pc=0x0000019c69348c64 method=java.util.regex.Matcher.match(II)Z @ 76 c2
Event: 9.590 Thread 0x0000019c59fb7800 Uncommon trap: reason=unstable_if action=reinterpret pc=0x0000019c6938c2d4 method=java.util.regex.Matcher.reset()Ljava/util/regex/Matcher; @ 71 c2
Event: 9.590 Thread 0x0000019c59fb7800 Uncommon trap: reason=unstable_if action=reinterpret pc=0x0000019c691ff848 method=java.util.regex.Matcher.reset()Ljava/util/regex/Matcher; @ 71 c2

Classes redefined (0 events):
No events

Internal exceptions (10 events):
Event: 8.204 Thread 0x0000019c59fb7800 Exception <a 'sun/nio/fs/WindowsException'{0x000000008871b220}> (0x000000008871b220) thrown at [./open/src/hotspot/share/prims/jni.cpp, line 611]
Event: 8.204 Thread 0x0000019c59fb7800 Exception <a 'sun/nio/fs/WindowsException'{0x000000008871b720}> (0x000000008871b720) thrown at [./open/src/hotspot/share/prims/jni.cpp, line 611]
Event: 9.707 Thread 0x0000019c59fb7800 Exception <a 'sun/nio/fs/WindowsException'{0x000000008ad11b20}> (0x000000008ad11b20) thrown at [./open/src/hotspot/share/prims/jni.cpp, line 611]
Event: 9.707 Thread 0x0000019c59fb7800 Exception <a 'sun/nio/fs/WindowsException'{0x000000008ad11f00}> (0x000000008ad11f00) thrown at [./open/src/hotspot/share/prims/jni.cpp, line 611]
Event: 9.708 Thread 0x0000019c59fb7800 Exception <a 'sun/nio/fs/WindowsException'{0x000000008ad15d90}> (0x000000008ad15d90) thrown at [./open/src/hotspot/share/prims/jni.cpp, line 611]
Event: 9.708 Thread 0x0000019c59fb7800 Exception <a 'sun/nio/fs/WindowsException'{0x000000008ad16120}> (0x000000008ad16120) thrown at [./open/src/hotspot/share/prims/jni.cpp, line 611]
Event: 9.708 Thread 0x0000019c59fb7800 Exception <a 'sun/nio/fs/WindowsException'{0x000000008ad1be48}> (0x000000008ad1be48) thrown at [./open/src/hotspot/share/prims/jni.cpp, line 611]
Event: 9.708 Thread 0x0000019c59fb7800 Exception <a 'sun/nio/fs/WindowsException'{0x000000008ad1c220}> (0x000000008ad1c220) thrown at [./open/src/hotspot/share/prims/jni.cpp, line 611]
Event: 9.708 Thread 0x0000019c59fb7800 Exception <a 'sun/nio/fs/WindowsException'{0x000000008ad1d7e0}> (0x000000008ad1d7e0) thrown at [./open/src/hotspot/share/prims/jni.cpp, line 611]
Event: 9.708 Thread 0x0000019c59fb7800 Exception <a 'sun/nio/fs/WindowsException'{0x000000008ad1dc40}> (0x000000008ad1dc40) thrown at [./open/src/hotspot/share/prims/jni.cpp, line 611]

Events (10 events):
Event: 9.689 loading class lombok/launch/AnnotationProcessorHider$ClaimingProcessor
Event: 9.689 loading class lombok/launch/AnnotationProcessorHider$ClaimingProcessor done
Event: 9.692 loading class com/sun/tools/javac/code/Symtab
Event: 9.692 loading class com/sun/tools/javac/code/Symtab done
Event: 9.719 loading class com/sun/tools/javac/code/Type
Event: 9.719 loading class com/sun/tools/javac/code/Type done
Event: 9.719 loading class com/sun/tools/javac/code/Type
Event: 9.719 loading class com/sun/tools/javac/code/Type done
Event: 9.719 loading class com/sun/tools/javac/code/Types$TypeMapping
Event: 9.719 loading class com/sun/tools/javac/code/Types$TypeMapping done


Dynamic libraries:
0x00007ff783880000 - 0x00007ff78388f000 	C:\Program Files\Java\jdk-11.0.14\bin\java.exe
0x00007ffcb4bb0000 - 0x00007ffcb4da7000 	C:\WINDOWS\SYSTEM32\ntdll.dll
0x00007ffcb3a10000 - 0x00007ffcb3acd000 	C:\WINDOWS\System32\KERNEL32.DLL
0x00007ffcb24a0000 - 0x00007ffcb276d000 	C:\WINDOWS\System32\KERNELBASE.dll
0x00007ffcb2770000 - 0x00007ffcb2870000 	C:\WINDOWS\System32\ucrtbase.dll
0x00007ffc756e0000 - 0x00007ffc756f8000 	C:\Program Files\Java\jdk-11.0.14\bin\jli.dll
0x00007ffcb3ad0000 - 0x00007ffcb3b7e000 	C:\WINDOWS\System32\ADVAPI32.dll
0x00007ffcb3190000 - 0x00007ffcb322e000 	C:\WINDOWS\System32\msvcrt.dll
0x00007ffcb2d30000 - 0x00007ffcb2dcc000 	C:\WINDOWS\System32\sechost.dll
0x00007ffcb3790000 - 0x00007ffcb38b5000 	C:\WINDOWS\System32\RPCRT4.dll
0x00007ffcb3290000 - 0x00007ffcb3430000 	C:\WINDOWS\System32\USER32.dll
0x00007ffcb2be0000 - 0x00007ffcb2c02000 	C:\WINDOWS\System32\win32u.dll
0x00007ffcb4a60000 - 0x00007ffcb4a8a000 	C:\WINDOWS\System32\GDI32.dll
0x00007ffcb2320000 - 0x00007ffcb242b000 	C:\WINDOWS\System32\gdi32full.dll
0x00007ffcb2870000 - 0x00007ffcb290d000 	C:\WINDOWS\System32\msvcp_win.dll
0x00007ffc9ae60000 - 0x00007ffc9b0fa000 	C:\WINDOWS\WinSxS\amd64_microsoft.windows.common-controls_6595b64144ccf1df_6.0.19041.1110_none_60b5254171f9507e\COMCTL32.dll
0x00007ffcab700000 - 0x00007ffcab70a000 	C:\WINDOWS\SYSTEM32\VERSION.dll
0x00007ffc75790000 - 0x00007ffc757a5000 	C:\Program Files\Java\jdk-11.0.14\bin\VCRUNTIME140.dll
0x00007ffcb39d0000 - 0x00007ffcb3a00000 	C:\WINDOWS\System32\IMM32.DLL
0x00007ffc70330000 - 0x00007ffc703cb000 	C:\Program Files\Java\jdk-11.0.14\bin\msvcp140.dll
0x00007ffc6a6e0000 - 0x00007ffc6b1f6000 	C:\Program Files\Java\jdk-11.0.14\bin\server\jvm.dll
0x00007ffcb3a00000 - 0x00007ffcb3a08000 	C:\WINDOWS\System32\PSAPI.DLL
0x00007ffc96ec0000 - 0x00007ffc96ee7000 	C:\WINDOWS\SYSTEM32\WINMM.dll
0x00007ffc9ab30000 - 0x00007ffc9ab39000 	C:\WINDOWS\SYSTEM32\WSOCK32.dll
0x00007ffcb3720000 - 0x00007ffcb378b000 	C:\WINDOWS\System32\WS2_32.dll
0x00007ffcb0b60000 - 0x00007ffcb0b72000 	C:\WINDOWS\SYSTEM32\kernel.appcore.dll
0x00007ffc897a0000 - 0x00007ffc897b0000 	C:\Program Files\Java\jdk-11.0.14\bin\verify.dll
0x00007ffcb00d0000 - 0x00007ffcb02b4000 	C:\WINDOWS\SYSTEM32\DBGHELP.DLL
0x00007ffc96e90000 - 0x00007ffc96ebc000 	C:\WINDOWS\SYSTEM32\dbgcore.DLL
0x00007ffcb2b50000 - 0x00007ffcb2bd2000 	C:\WINDOWS\System32\bcryptPrimitives.dll
0x00007ffc756b0000 - 0x00007ffc756d8000 	C:\Program Files\Java\jdk-11.0.14\bin\java.dll
0x00007ffc87de0000 - 0x00007ffc87dea000 	C:\Program Files\Java\jdk-11.0.14\bin\jimage.dll
0x00007ffcad7e0000 - 0x00007ffcad7ee000 	C:\Program Files\Java\jdk-11.0.14\bin\instrument.dll
0x00007ffc75690000 - 0x00007ffc756a6000 	C:\Program Files\Java\jdk-11.0.14\bin\zip.dll
0x00007ffcb4240000 - 0x00007ffcb4984000 	C:\WINDOWS\System32\SHELL32.dll
0x00007ffcb03b0000 - 0x00007ffcb0b44000 	C:\WINDOWS\SYSTEM32\windows.storage.dll
0x00007ffcb2dd0000 - 0x00007ffcb3124000 	C:\WINDOWS\System32\combase.dll
0x00007ffcb1c60000 - 0x00007ffcb1c8c000 	C:\WINDOWS\SYSTEM32\Wldp.dll
0x00007ffcb4190000 - 0x00007ffcb423d000 	C:\WINDOWS\System32\SHCORE.dll
0x00007ffcb3b80000 - 0x00007ffcb3bd5000 	C:\WINDOWS\System32\shlwapi.dll
0x00007ffcb2210000 - 0x00007ffcb222f000 	C:\WINDOWS\SYSTEM32\profapi.dll
0x00007ffc75670000 - 0x00007ffc75689000 	C:\Program Files\Java\jdk-11.0.14\bin\net.dll
0x00007ffca1790000 - 0x00007ffca189a000 	C:\WINDOWS\SYSTEM32\WINHTTP.dll
0x00007ffcb19c0000 - 0x00007ffcb1a2a000 	C:\WINDOWS\system32\mswsock.dll
0x00007ffc75650000 - 0x00007ffc75662000 	C:\Program Files\Java\jdk-11.0.14\bin\nio.dll
0x00007ffcad7c0000 - 0x00007ffcad7da000 	C:\Program Files\JetBrains\IntelliJ IDEA Community Edition 2021.3.2\bin\breakgen64.dll
0x0000000069ac0000 - 0x0000000069ae4000 	C:\Users\John Carlo Cornelio\AppData\Local\Temp\jansi-2.4.0-c1ae838645f57f97-jansi.dll

dbghelp: loaded successfully - version: 4.0.5 - missing functions: none
symbol engine: initialized successfully - sym options: 0x614 - pdb path: .;C:\Program Files\Java\jdk-11.0.14\bin;C:\WINDOWS\SYSTEM32;C:\WINDOWS\WinSxS\amd64_microsoft.windows.common-controls_6595b64144ccf1df_6.0.19041.1110_none_60b5254171f9507e;C:\Program Files\Java\jdk-11.0.14\bin\server;C:\Program Files\JetBrains\IntelliJ IDEA Community Edition 2021.3.2\bin;C:\Users\John Carlo Cornelio\AppData\Local\Temp

VM Arguments:
jvm_args: -Dmaven.multiModuleProjectDirectory=C:\SPRING_PROJECTS\CURRENT PROJECTS\TAKEHOMEEXAM\Backend-TakeHomeExam - UsingFeignClient -Dmaven.home=C:\Users\John Carlo Cornelio\.m2\wrapper\dists\apache-maven-3.8.6-bin\1ks0nkde5v1pk9vtc31i9d0lcd\apache-maven-3.8.6 -Dclassworlds.conf=C:\Users\John Carlo Cornelio\.m2\wrapper\dists\apache-maven-3.8.6-bin\1ks0nkde5v1pk9vtc31i9d0lcd\apache-maven-3.8.6\bin\m2.conf -Dmaven.ext.class.path=C:\Program Files\JetBrains\IntelliJ IDEA Community Edition 2021.3.2\plugins\maven\lib\maven-event-listener.jar -javaagent:C:\Program Files\JetBrains\IntelliJ IDEA Community Edition 2021.3.2\lib\idea_rt.jar=28366:C:\Program Files\JetBrains\IntelliJ IDEA Community Edition 2021.3.2\bin -Dfile.encoding=UTF-8 
java_command: org.codehaus.classworlds.Launcher -Didea.version=2021.3.3 spring-boot:run
java_class_path (initial): C:\Users\John Carlo Cornelio\.m2\wrapper\dists\apache-maven-3.8.6-bin\1ks0nkde5v1pk9vtc31i9d0lcd\apache-maven-3.8.6\boot\plexus-classworlds-2.6.0.jar;C:\Users\John Carlo Cornelio\.m2\wrapper\dists\apache-maven-3.8.6-bin\1ks0nkde5v1pk9vtc31i9d0lcd\apache-maven-3.8.6\boot\plexus-classworlds.license
Launcher Type: SUN_STANDARD

[Global flags]
     intx CICompilerCount                          = 3                                         {product} {ergonomic}
     uint ConcGCThreads                            = 1                                         {product} {ergonomic}
     uint G1ConcRefinementThreads                  = 4                                         {product} {ergonomic}
   size_t G1HeapRegionSize                         = 1048576                                   {product} {ergonomic}
    uintx GCDrainStackTargetSize                   = 64                                        {product} {ergonomic}
   size_t InitialHeapSize                          = 134217728                                 {product} {ergonomic}
   size_t MarkStackSize                            = 4194304                                   {product} {ergonomic}
   size_t MaxHeapSize                              = 2118123520                                {product} {ergonomic}
   size_t MaxNewSize                               = 1270874112                                {product} {ergonomic}
   size_t MinHeapDeltaBytes                        = 1048576                                   {product} {ergonomic}
    uintx NonNMethodCodeHeapSize                   = 5830732                                {pd product} {ergonomic}
    uintx NonProfiledCodeHeapSize                  = 122913754                              {pd product} {ergonomic}
    uintx ProfiledCodeHeapSize                     = 122913754                              {pd product} {ergonomic}
    uintx ReservedCodeCacheSize                    = 251658240                              {pd product} {ergonomic}
     bool SegmentedCodeCache                       = true                                      {product} {ergonomic}
     bool UseCompressedClassPointers               = true                                 {lp64_product} {ergonomic}
     bool UseCompressedOops                        = true                                 {lp64_product} {ergonomic}
     bool UseG1GC                                  = true                                      {product} {ergonomic}
     bool UseLargePagesIndividualAllocation        = false                                  {pd product} {ergonomic}

Logging:
Log output configuration:
 #0: stdout all=warning uptime,level,tags
 #1: stderr all=off uptime,level,tags

Environment Variables:
PATH=C:\Program Files (x86)\NVIDIA Corporation\PhysX\Common;C:\Program Files\Java\jdk-11.0.14\bin;C:\Program Files\Common Files\Oracle\Java\javapath;C:\Python310\Scripts\;C:\Python310\;C:\ProgramData\Oracle\Java\javapath;C:\WINDOWS\system32;C:\WINDOWS;C:\WINDOWS\System32\Wbem;C:\WINDOWS\System32\WindowsPowerShell\v1.0\;C:\WINDOWS\System32\OpenSSH\;c:\Program Files (x86)\Microsoft SQL Server\100\Tools\Binn\;c:\Program Files\Microsoft SQL Server\100\Tools\Binn\;c:\Program Files\Microsoft SQL Server\100\DTS\Binn\;C:\xampp\php;C:\composer;C:\Program Files\nodejs\;C:\ProgramData\chocolatey\bin;C:\Program Files\Git\cmd;C:\Program Files\Java\jdk-11.0.14\bin;C:\Program Files\Java\jdk-11.0.14;C:\Users\John Carlo Cornelio\AppData\Local\Microsoft\WindowsApps;C:\Users\John Carlo Cornelio\AppData\Local\Programs\Microsoft VS Code\bin;C:\Users\John Carlo Cornelio\AppData\Roaming\Composer\vendor\bin;C:\Program Files\JetBrains\IntelliJ IDEA Community Edition 2021.3.2\bin;;C:\Users\John Carlo Cornelio\AppData\Roaming\npm;C:\flutter\bin;
USERNAME=JohnCarloCornelio
OS=Windows_NT
PROCESSOR_IDENTIFIER=Intel64 Family 6 Model 142 Stepping 12, GenuineIntel



---------------  S Y S T E M  ---------------

OS: Windows 10 , 64 bit Build 19041 (10.0.19041.1741)

CPU:total 4 (initial active 4) (2 cores per cpu, 2 threads per core) family 6 model 142 stepping 12 microcode 0xea, cmov, cx8, fxsr, mmx, sse, sse2, sse3, ssse3, sse4.1, sse4.2, popcnt, avx, avx2, aes, clmul, erms, 3dnowpref, lzcnt, ht, tsc, tscinvbit, bmi1, bmi2, adx, fma

Memory: 4k page, system-wide physical 8079M (447M free)
TotalPageFile size 9984M (AvailPageFile size 2M)
current process WorkingSet (physical memory assigned to process): 303M, peak: 304M
current process commit charge ("private bytes"): 331M, peak: 333M

vm_info: Java HotSpot(TM) 64-Bit Server VM (11.0.14+8-LTS-263) for windows-amd64 JRE (11.0.14+8-LTS-263), built on Dec  7 2021 21:53:57 by "mach5one" with MS VC++ 15.9 (VS2017)

END.
