#
# There is insufficient memory for the Java Runtime Environment to continue.
# Native memory allocation (mmap) failed to map 134217728 bytes for Failed to commit area from 0x0000000081c00000 to 0x0000000089c00000 of length 134217728.
# Possible reasons:
#   The system is out of physical RAM or swap space
#   The process is running with CompressedOops enabled, and the Java Heap may be blocking the growth of the native heap
# Possible solutions:
#   Reduce memory load on the system
#   Increase physical memory or swap space
#   Check if swap backing store is full
#   Decrease Java heap size (-Xmx/-Xms)
#   Decrease number of Java threads
#   Decrease Java thread stack sizes (-Xss)
#   Set larger code cache with -XX:ReservedCodeCacheSize=
# This output file may be truncated or incomplete.
#
#  Out of Memory Error (./open/src/hotspot/os/windows/os_windows.cpp:3284), pid=13916, tid=10404
#
# JRE version:  (11.0.14+8) (build )
# Java VM: Java HotSpot(TM) 64-Bit Server VM (11.0.14+8-LTS-263, mixed mode, sharing, tiered, compressed oops, g1 gc, windows-amd64)
# No core dump will be written. Minidumps are not enabled by default on client versions of Windows
#

---------------  S U M M A R Y ------------

Command Line: -Xverify:none -XX:TieredStopAtLevel=1 com.example.CategoryMicroservice.CategoryMicroserviceApplication

Host: Intel(R) Core(TM) i3-8145U CPU @ 2.10GHz, 4 cores, 7G,  Windows 10 , 64 bit Build 19041 (10.0.19041.1741)
Time: Mon Oct 10 00:02:43 2022 Malay Peninsula Standard Time elapsed time: 0.009850 seconds (0d 0h 0m 0s)

---------------  T H R E A D  ---------------

Current thread (0x000002892407f000):  JavaThread "Unknown thread" [_thread_in_vm, id=10404, stack(0x000000d836e00000,0x000000d836f00000)]

Stack: [0x000000d836e00000,0x000000d836f00000]
Native frames: (J=compiled Java code, j=interpreted, Vv=VM code, C=native code)
V  [jvm.dll+0x6296da]
V  [jvm.dll+0x76323f]
V  [jvm.dll+0x7648e9]
V  [jvm.dll+0x764f73]
V  [jvm.dll+0x23d7c8]
V  [jvm.dll+0x626a5a]
V  [jvm.dll+0x61b7f5]
V  [jvm.dll+0x2f262c]
V  [jvm.dll+0x2f24b2]
V  [jvm.dll+0x2f71d6]
V  [jvm.dll+0x339bdf]
V  [jvm.dll+0x339610]
V  [jvm.dll+0x2cfc48]
V  [jvm.dll+0x2d0db6]
V  [jvm.dll+0x73d857]
V  [jvm.dll+0x73f0ef]
V  [jvm.dll+0x346909]
V  [jvm.dll+0x723160]
V  [jvm.dll+0x3b551f]
V  [jvm.dll+0x3b7631]
C  [jli.dll+0x5207]
C  [ucrtbase.dll+0x21bb2]
C  [KERNEL32.DLL+0x17034]
C  [ntdll.dll+0x52651]


---------------  P R O C E S S  ---------------

Threads class SMR info:
_java_thread_list=0x0000028921fa6bc0, length=0, elements={
}

Java Threads: ( => current thread )

Other Threads:
  0x000002892408f000 GCTaskThread "GC Thread#0" [stack: 0x000000d836f00000,0x000000d837000000] [id=17404]
  0x00000289240c0000 ConcurrentGCThread "G1 Main Marker" [stack: 0x000000d837000000,0x000000d837100000] [id=9384]
  0x00000289240c3800 ConcurrentGCThread "G1 Conc#0" [stack: 0x000000d837100000,0x000000d837200000] [id=12404]

[error occurred during error reporting (printing all threads), id 0xc0000005, EXCEPTION_ACCESS_VIOLATION (0xc0000005) at pc=0x00007fff9b4eeed7]

VM state:not at safepoint (not fully initialized)

VM Mutex/Monitor currently owned by a thread:  ([mutex/lock_event])
[0x000002892407dd00] Heap_lock - owner thread: 0x000002892407f000

Heap address: 0x0000000081c00000, size: 2020 MB, Compressed Oops mode: Non-zero based: 0x0000000081c00000
Narrow klass base: 0x0000000000000000, Narrow klass shift: 0

GC Heap History (0 events):
No events

Deoptimization events (0 events):
No events

Classes redefined (0 events):
No events

Internal exceptions (0 events):
No events

Events (0 events):
No events


Dynamic libraries:
0x00007ff7cd800000 - 0x00007ff7cd80f000 	C:\Program Files\Java\jdk-11.0.14\bin\java.exe
0x00007ffff6d50000 - 0x00007ffff6f47000 	C:\WINDOWS\SYSTEM32\ntdll.dll
0x00007ffff6430000 - 0x00007ffff64ed000 	C:\WINDOWS\System32\KERNEL32.DLL
0x00007ffff4470000 - 0x00007ffff473d000 	C:\WINDOWS\System32\KERNELBASE.dll
0x00007ffff4740000 - 0x00007ffff4840000 	C:\WINDOWS\System32\ucrtbase.dll
0x00007fffd4ec0000 - 0x00007fffd4ed5000 	C:\Program Files\Java\jdk-11.0.14\bin\VCRUNTIME140.dll
0x00007fffd66d0000 - 0x00007fffd66e8000 	C:\Program Files\Java\jdk-11.0.14\bin\jli.dll
0x00007ffff5ff0000 - 0x00007ffff609e000 	C:\WINDOWS\System32\ADVAPI32.dll
0x00007ffff5500000 - 0x00007ffff559e000 	C:\WINDOWS\System32\msvcrt.dll
0x00007ffff6250000 - 0x00007ffff62ec000 	C:\WINDOWS\System32\sechost.dll
0x00007ffff55a0000 - 0x00007ffff56c5000 	C:\WINDOWS\System32\RPCRT4.dll
0x00007ffff6630000 - 0x00007ffff67d0000 	C:\WINDOWS\System32\USER32.dll
0x00007fffdd340000 - 0x00007fffdd5da000 	C:\WINDOWS\WinSxS\amd64_microsoft.windows.common-controls_6595b64144ccf1df_6.0.19041.1110_none_60b5254171f9507e\COMCTL32.dll
0x00007ffff4d80000 - 0x00007ffff4da2000 	C:\WINDOWS\System32\win32u.dll
0x00007ffff6b90000 - 0x00007ffff6bba000 	C:\WINDOWS\System32\GDI32.dll
0x00007ffff4840000 - 0x00007ffff494b000 	C:\WINDOWS\System32\gdi32full.dll
0x00007ffff4a90000 - 0x00007ffff4b2d000 	C:\WINDOWS\System32\msvcp_win.dll
0x00007fffee610000 - 0x00007fffee61a000 	C:\WINDOWS\SYSTEM32\VERSION.dll
0x00007ffff6ae0000 - 0x00007ffff6b10000 	C:\WINDOWS\System32\IMM32.DLL
0x00007fffba350000 - 0x00007fffba3eb000 	C:\Program Files\Java\jdk-11.0.14\bin\msvcp140.dll
0x00007fff9b210000 - 0x00007fff9bd26000 	C:\Program Files\Java\jdk-11.0.14\bin\server\jvm.dll
0x00007ffff62f0000 - 0x00007ffff62f8000 	C:\WINDOWS\System32\PSAPI.DLL
0x00007fffda480000 - 0x00007fffda4a7000 	C:\WINDOWS\SYSTEM32\WINMM.dll
0x00007fffef1c0000 - 0x00007fffef1c9000 	C:\WINDOWS\SYSTEM32\WSOCK32.dll
0x00007ffff67d0000 - 0x00007ffff683b000 	C:\WINDOWS\System32\WS2_32.dll
0x00007ffff2d00000 - 0x00007ffff2d12000 	C:\WINDOWS\SYSTEM32\kernel.appcore.dll
0x00007fffd6df0000 - 0x00007fffd6e00000 	C:\Program Files\Java\jdk-11.0.14\bin\verify.dll
0x00007ffff2a10000 - 0x00007ffff2bf4000 	C:\WINDOWS\SYSTEM32\DBGHELP.DLL
0x00007fffd94a0000 - 0x00007fffd94cc000 	C:\WINDOWS\SYSTEM32\dbgcore.DLL
0x00007ffff4a00000 - 0x00007ffff4a82000 	C:\WINDOWS\System32\bcryptPrimitives.dll
0x00007fffd2aa0000 - 0x00007fffd2ac8000 	C:\Program Files\Java\jdk-11.0.14\bin\java.dll
0x00007fffd4eb0000 - 0x00007fffd4eba000 	C:\Program Files\Java\jdk-11.0.14\bin\jimage.dll
0x00007fffd19b0000 - 0x00007fffd19c6000 	C:\Program Files\Java\jdk-11.0.14\bin\zip.dll

dbghelp: loaded successfully - version: 4.0.5 - missing functions: none
symbol engine: initialized successfully - sym options: 0x614 - pdb path: .;C:\Program Files\Java\jdk-11.0.14\bin;C:\WINDOWS\SYSTEM32;C:\WINDOWS\WinSxS\amd64_microsoft.windows.common-controls_6595b64144ccf1df_6.0.19041.1110_none_60b5254171f9507e;C:\Program Files\Java\jdk-11.0.14\bin\server

VM Arguments:
jvm_args: -Xverify:none -XX:TieredStopAtLevel=1 
java_command: com.example.CategoryMicroservice.CategoryMicroserviceApplication
java_class_path (initial): C:\SPRING_PROJECTS\CURRENT PROJECTS\TAKE-HOME-EXAM-withEureka\Category-Microservice\target\classes;C:\Users\John Carlo Cornelio\.m2\repository\org\springframework\boot\spring-boot\2.5.2\spring-boot-2.5.2.jar;C:\Users\John Carlo Cornelio\.m2\repository\org\springframework\boot\spring-boot-autoconfigure\2.5.2\spring-boot-autoconfigure-2.5.2.jar;C:\Users\John Carlo Cornelio\.m2\repository\ch\qos\logback\logback-classic\1.2.3\logback-classic-1.2.3.jar;C:\Users\John Carlo Cornelio\.m2\repository\ch\qos\logback\logback-core\1.2.3\logback-core-1.2.3.jar;C:\Users\John Carlo Cornelio\.m2\repository\org\apache\logging\log4j\log4j-to-slf4j\2.14.1\log4j-to-slf4j-2.14.1.jar;C:\Users\John Carlo Cornelio\.m2\repository\org\apache\logging\log4j\log4j-api\2.14.1\log4j-api-2.14.1.jar;C:\Users\John Carlo Cornelio\.m2\repository\org\slf4j\jul-to-slf4j\1.7.31\jul-to-slf4j-1.7.31.jar;C:\Users\John Carlo Cornelio\.m2\repository\jakarta\annotation\jakarta.annotation-api\1.3.5\jakarta.annotation-api-1.3.5.jar;C:\Users\John Carlo Cornelio\.m2\repository\org\yaml\snakeyaml\1.28\snakeyaml-1.28.jar;C:\Users\John Carlo Cornelio\.m2\repository\org\mongodb\mongodb-driver-sync\4.2.3\mongodb-driver-sync-4.2.3.jar;C:\Users\John Carlo Cornelio\.m2\repository\org\mongodb\bson\4.2.3\bson-4.2.3.jar;C:\Users\John Carlo Cornelio\.m2\repository\org\mongodb\mongodb-driver-core\4.2.3\mongodb-driver-core-4.2.3.jar;C:\Users\John Carlo Cornelio\.m2\repository\org\springframework\data\spring-data-mongodb\3.2.2\spring-data-mongodb-3.2.2.jar;C:\Users\John Carlo Cornelio\.m2\repository\org\springframework\spring-tx\5.3.8\spring-tx-5.3.8.jar;C:\Users\John Carlo Cornelio\.m2\repository\org\springframework\spring-context\5.3.8\spring-context-5.3.8.jar;C:\Users\John Carlo Cornelio\.m2\repository\org\springframework\spring-beans\5.3.8\spring-beans-5.3.8.jar;C:\Users\John Carlo Cornelio\.m2\repository\org\springframework\spring-expression\5.3.8\spring-expression-5.3.8.jar;C:\Users\John Carlo C
Launcher Type: SUN_STANDARD

[Global flags]
     bool BytecodeVerificationLocal                = false                                     {product} {command line}
     bool BytecodeVerificationRemote               = false                                     {product} {command line}
     intx CICompilerCount                          = 3                                         {product} {ergonomic}
     uint ConcGCThreads                            = 1                                         {product} {ergonomic}
     uint G1ConcRefinementThreads                  = 4                                         {product} {ergonomic}
   size_t G1HeapRegionSize                         = 1048576                                   {product} {ergonomic}
    uintx GCDrainStackTargetSize                   = 64                                        {product} {ergonomic}
   size_t InitialHeapSize                          = 134217728                                 {product} {ergonomic}
   size_t MarkStackSize                            = 4194304                                   {product} {ergonomic}
   size_t MaxHeapSize                              = 2118123520                                {product} {ergonomic}
   size_t MinHeapDeltaBytes                        = 1048576                                   {product} {ergonomic}
    uintx NonNMethodCodeHeapSize                   = 6973028                                {pd product} {ergonomic}
    uintx NonProfiledCodeHeapSize                  = 244685212                              {pd product} {ergonomic}
    uintx ProfiledCodeHeapSize                     = 0                                      {pd product} {ergonomic}
    uintx ReservedCodeCacheSize                    = 251658240                              {pd product} {ergonomic}
     bool SegmentedCodeCache                       = true                                      {product} {ergonomic}
     intx TieredStopAtLevel                        = 1                                         {product} {command line}
     bool UseCompressedClassPointers               = true                                 {lp64_product} {ergonomic}
     bool UseCompressedOops                        = true                                 {lp64_product} {ergonomic}
     bool UseG1GC                                  = true                                      {product} {ergonomic}
     bool UseLargePagesIndividualAllocation        = false                                  {pd product} {ergonomic}

Logging:
Log output configuration:
 #0: stdout all=warning uptime,level,tags
 #1: stderr all=off uptime,level,tags

Environment Variables:
PATH=C:\Program Files (x86)\NVIDIA Corporation\PhysX\Common;C:\Program Files\Java\jdk-11.0.14\bin;C:\Program Files\Common Files\Oracle\Java\javapath;C:\Python310\Scripts\;C:\Python310\;C:\ProgramData\Oracle\Java\javapath;C:\WINDOWS\system32;C:\WINDOWS;C:\WINDOWS\System32\Wbem;C:\WINDOWS\System32\WindowsPowerShell\v1.0\;C:\WINDOWS\System32\OpenSSH\;c:\Program Files (x86)\Microsoft SQL Server\100\Tools\Binn\;c:\Program Files\Microsoft SQL Server\100\Tools\Binn\;c:\Program Files\Microsoft SQL Server\100\DTS\Binn\;C:\xampp\php;C:\composer;C:\Program Files\nodejs\;C:\ProgramData\chocolatey\bin;C:\Program Files\Git\cmd;C:\Program Files\Java\jdk-11.0.14\bin;C:\Program Files\Java\jdk-11.0.14;C:\Users\John Carlo Cornelio\AppData\Local\Microsoft\WindowsApps;C:\Users\John Carlo Cornelio\AppData\Local\Programs\Microsoft VS Code\bin;C:\Users\John Carlo Cornelio\AppData\Roaming\Composer\vendor\bin;C:\Program Files\JetBrains\IntelliJ IDEA Community Edition 2021.3.2\bin;;C:\Users\John Carlo Cornelio\AppData\Roaming\npm;C:\flutter\bin;
USERNAME=JohnCarloCornelio
OS=Windows_NT
PROCESSOR_IDENTIFIER=Intel64 Family 6 Model 142 Stepping 12, GenuineIntel



---------------  S Y S T E M  ---------------

OS: Windows 10 , 64 bit Build 19041 (10.0.19041.1741)

CPU:total 4 (initial active 4) (2 cores per cpu, 2 threads per core) family 6 model 142 stepping 12 microcode 0xea, cmov, cx8, fxsr, mmx, sse, sse2, sse3, ssse3, sse4.1, sse4.2, popcnt, avx, avx2, aes, clmul, erms, 3dnowpref, lzcnt, ht, tsc, tscinvbit, bmi1, bmi2, adx, fma

Memory: 4k page, system-wide physical 8079M (515M free)
TotalPageFile size 9984M (AvailPageFile size 64M)
current process WorkingSet (physical memory assigned to process): 9M, peak: 9M
current process commit charge ("private bytes"): 49M, peak: 177M

vm_info: Java HotSpot(TM) 64-Bit Server VM (11.0.14+8-LTS-263) for windows-amd64 JRE (11.0.14+8-LTS-263), built on Dec  7 2021 21:53:57 by "mach5one" with MS VC++ 15.9 (VS2017)

END.
